[Mon Apr 27 18:39:20 2026] [TransactionCompleted] Item: insulin Qty: 1 Total: 340.000000
[Mon Apr 27 18:39:20 2026] [TransactionCompleted] Item: snack Qty: 2 Total: 170.000000
[Mon Apr 27 18:39:20 2026] [TransactionCompleted] Item: water Qty: 2 Total: 100.000000
[Mon Apr 27 18:39:21 2026] [TransactionCompleted] Item: food Qty: 2 Total: 176.000000
[Mon Apr 27 18:39:21 2026] [EmergencyModeActivated] Kiosk ER-01 entered Emergency Lockdown.
[Mon Apr 27 18:39:21 2026] [TransactionCompleted] Item: medkit Qty: 1 Total: 90.000000
[Mon Apr 27 18:39:21 2026] [PurchaseDenied] Item: food Qty: 3 Reason: State restriction in EMERGENCY
[Mon Apr 27 18:39:22 2026] [TransactionCompleted] Item: battery Qty: 2 Total: 75.000000
[Mon Apr 27 18:39:22 2026] [HardwareFailureEvent] Dispense failure while processing 'water'.
[Mon Apr 27 18:39:22 2026] [RecoverySucceeded] Automatic recovery completed for 'water'.
[Mon Apr 27 18:39:22 2026] [TransactionCompleted] Item: water Qty: 1 Total: 25.000000
[Mon Apr 27 18:39:24 2026] [HardwareFailureEvent] Dispense failure while processing 'water'.
[Mon Apr 27 18:39:24 2026] [TechnicianAlert] Manual intervention required for 'water' x1
[Mon Apr 27 18:39:24 2026] [PaymentRolledBack] Refund issued for failed purchase of 'water'.
[Mon Apr 27 18:39:24 2026] [RecoveryFailed] Automatic recovery failed for 'water'.
[Mon Apr 27 18:39:24 2026] [HardwareFailureEvent] Dispense failure while processing 'battery'.
[Mon Apr 27 18:39:24 2026] [TechnicianAlert] Manual intervention required for 'battery' x1
[Mon Apr 27 18:39:24 2026] [PaymentRolledBack] Refund issued for failed purchase of 'battery'.
[Mon Apr 27 18:39:24 2026] [RecoveryFailed] Automatic recovery failed for 'battery'.
[Mon Apr 27 18:39:25 2026] [PaymentFailed] Payment failed for 'food' using UPI
[Mon Apr 27 18:39:25 2026] [PurchaseDenied] Item: battery - insufficient stock (0 available)
[Mon Apr 27 18:39:25 2026] [TransactionCompleted] Item: battery Qty: 2 Total: 75.000000
[Mon Apr 27 18:39:25 2026] [EmergencyModeActivated] City flood alert received.
[Mon Apr 27 18:39:25 2026] [TransactionCompleted] Routine sale completed.
[Mon Apr 27 18:39:25 2026] [HardwareFailureEvent] Kiosk ER-01 entered Maintenance mode.
[Mon Apr 27 18:39:26 2026] [PurchaseDenied] Item: water Qty: 1 Reason: State restriction in MAINTENANCE
